#-----------------------------------------------------------
# Vivado v2016.2 (64-bit)
# SW Build 1577090 on Thu Jun  2 16:32:40 MDT 2016
# IP Build 1577682 on Fri Jun  3 12:00:54 MDT 2016
# Start of session at: Thu Mar 16 12:05:44 2017
# Process ID: 4124
# Current directory: C:/Users/ulab/Desktop/craddockEE316
# Command line: vivado.exe -gui_launcher_event rodinguilauncherevent2136 C:\Users\ulab\Desktop\craddockEE316\craddockEE316.xpr
# Log file: C:/Users/ulab/Desktop/craddockEE316/vivado.log
# Journal file: C:/Users/ulab/Desktop/craddockEE316\vivado.jou
#-----------------------------------------------------------
start_gui
open_project C:/Users/ulab/Desktop/craddockEE316/craddockEE316.xpr
Scanning sources...
Finished scanning sources
INFO: [IP_Flow 19-234] Refreshing IP repositories
INFO: [IP_Flow 19-1704] No user IP repositories specified
INFO: [IP_Flow 19-2313] Loaded Vivado IP repository 'C:/Xilinx/Vivado/2016.2/data/ip'.
open_project: Time (s): cpu = 00:00:12 ; elapsed = 00:00:11 . Memory (MB): peak = 844.906 ; gain = 201.102
update_compile_order -fileset sources_1
file mkdir C:/Users/ulab/Desktop/craddockEE316/craddockEE316.srcs/sources_1/new
close [ open C:/Users/ulab/Desktop/craddockEE316/craddockEE316.srcs/sources_1/new/PWM_Controller.vhd w ]
add_files C:/Users/ulab/Desktop/craddockEE316/craddockEE316.srcs/sources_1/new/PWM_Controller.vhd
update_compile_order -fileset sources_1
update_compile_order -fileset sources_1
reset_run synth_1
launch_runs impl_1 -to_step write_bitstream -jobs 8
[Thu Mar 16 12:46:29 2017] Launched synth_1...
Run output will be captured here: C:/Users/ulab/Desktop/craddockEE316/craddockEE316.runs/synth_1/runme.log
[Thu Mar 16 12:46:29 2017] Launched impl_1...
Run output will be captured here: C:/Users/ulab/Desktop/craddockEE316/craddockEE316.runs/impl_1/runme.log
open_hw
connect_hw_server
INFO: [Labtools 27-2285] Connecting to hw_server url TCP:localhost:3121
INFO: [Labtools 27-2222] Launching hw_server...
INFO: [Labtools 27-2221] Launch Output:

****** Xilinx hw_server v2016.2
  **** Build date : Jun  2 2016-16:57:03
    ** Copyright 1986-2016 Xilinx, Inc. All Rights Reserved.


open_hw_target
INFO: [Labtoolstcl 44-466] Opening hw_target localhost:3121/xilinx_tcf/Digilent/210292746729A
ERROR: [Labtools 27-2269] No devices detected on target localhost:3121/xilinx_tcf/Digilent/210292746729A.
Check cable connectivity and that the target board is powered up then
use the disconnect_hw_server and connect_hw_server to re-register this hardware target.
ERROR: [Common 17-39] 'open_hw_target' failed due to earlier errors.
disconnect_hw_server localhost:3121
INFO: [Labtools 27-2285] Connecting to hw_server url TCP:localhost:3121
disconnect_hw_server localhost:3121
connect_hw_server -url localhost:3121
INFO: [Labtools 27-2285] Connecting to hw_server url TCP:localhost:3121
current_hw_target [get_hw_targets */xilinx_tcf/Digilent/210292746729A]
set_property PARAM.FREQUENCY 10000000 [get_hw_targets */xilinx_tcf/Digilent/210292746729A]
open_hw_target
INFO: [Labtoolstcl 44-466] Opening hw_target localhost:3121/xilinx_tcf/Digilent/210292746729A
set_property PROGRAM.FILE {C:/Users/ulab/Desktop/craddockEE316/craddockEE316.runs/impl_1/top_level.bit} [lindex [get_hw_devices] 0]
current_hw_device [lindex [get_hw_devices] 0]
refresh_hw_device -update_hw_probes false [lindex [get_hw_devices] 0]
INFO: [Labtools 27-1434] Device xc7a100t (JTAG device index = 0) is programmed with a design that has no supported debug core(s) in it.
WARNING: [Labtools 27-3123] The debug hub core was not detected at User Scan Chain 1 or 3.
Resolution: 
1. Make sure the clock connected to the debug hub (dbg_hub) core is a free running clock and is active OR
2. Manually launch hw_server with -e "set xsdb-user-bscan <C_USER_SCAN_CHAIN scan_chain_number>" to detect the debug hub at User Scan Chain of 2 or 4. To determine the user scan chain setting, open the implemented design and use: get_property C_USER_SCAN_CHAIN [get_debug_cores dbg_hub].
set_property PROBES.FILE {} [lindex [get_hw_devices] 0]
set_property PROGRAM.FILE {C:/Users/ulab/Desktop/craddockEE316/craddockEE316.runs/impl_1/top_level.bit} [lindex [get_hw_devices] 0]
program_hw_devices [lindex [get_hw_devices] 0]
INFO: [Labtools 27-3164] End of startup status: HIGH
refresh_hw_device [lindex [get_hw_devices] 0]
INFO: [Labtools 27-1434] Device xc7a100t (JTAG device index = 0) is programmed with a design that has no supported debug core(s) in it.
WARNING: [Labtools 27-3123] The debug hub core was not detected at User Scan Chain 1 or 3.
Resolution: 
1. Make sure the clock connected to the debug hub (dbg_hub) core is a free running clock and is active OR
2. Manually launch hw_server with -e "set xsdb-user-bscan <C_USER_SCAN_CHAIN scan_chain_number>" to detect the debug hub at User Scan Chain of 2 or 4. To determine the user scan chain setting, open the implemented design and use: get_property C_USER_SCAN_CHAIN [get_debug_cores dbg_hub].
reset_run synth_1
launch_runs impl_1 -to_step write_bitstream -jobs 8
[Thu Mar 16 12:52:54 2017] Launched synth_1...
Run output will be captured here: C:/Users/ulab/Desktop/craddockEE316/craddockEE316.runs/synth_1/runme.log
[Thu Mar 16 12:52:54 2017] Launched impl_1...
Run output will be captured here: C:/Users/ulab/Desktop/craddockEE316/craddockEE316.runs/impl_1/runme.log
set_property PROBES.FILE {} [lindex [get_hw_devices] 0]
set_property PROGRAM.FILE {C:/Users/ulab/Desktop/craddockEE316/craddockEE316.runs/impl_1/top_level.bit} [lindex [get_hw_devices] 0]
program_hw_devices [lindex [get_hw_devices] 0]
INFO: [Labtools 27-3164] End of startup status: HIGH
refresh_hw_device [lindex [get_hw_devices] 0]
INFO: [Labtools 27-1434] Device xc7a100t (JTAG device index = 0) is programmed with a design that has no supported debug core(s) in it.
WARNING: [Labtools 27-3123] The debug hub core was not detected at User Scan Chain 1 or 3.
Resolution: 
1. Make sure the clock connected to the debug hub (dbg_hub) core is a free running clock and is active OR
2. Manually launch hw_server with -e "set xsdb-user-bscan <C_USER_SCAN_CHAIN scan_chain_number>" to detect the debug hub at User Scan Chain of 2 or 4. To determine the user scan chain setting, open the implemented design and use: get_property C_USER_SCAN_CHAIN [get_debug_cores dbg_hub].
reset_run synth_1
launch_runs impl_1 -to_step write_bitstream -jobs 8
[Thu Mar 16 12:57:01 2017] Launched synth_1...
Run output will be captured here: C:/Users/ulab/Desktop/craddockEE316/craddockEE316.runs/synth_1/runme.log
[Thu Mar 16 12:57:01 2017] Launched impl_1...
Run output will be captured here: C:/Users/ulab/Desktop/craddockEE316/craddockEE316.runs/impl_1/runme.log
set_property PROBES.FILE {} [lindex [get_hw_devices] 0]
set_property PROGRAM.FILE {C:/Users/ulab/Desktop/craddockEE316/craddockEE316.runs/impl_1/top_level.bit} [lindex [get_hw_devices] 0]
program_hw_devices [lindex [get_hw_devices] 0]
INFO: [Labtools 27-3164] End of startup status: HIGH
refresh_hw_device [lindex [get_hw_devices] 0]
INFO: [Labtools 27-1434] Device xc7a100t (JTAG device index = 0) is programmed with a design that has no supported debug core(s) in it.
WARNING: [Labtools 27-3123] The debug hub core was not detected at User Scan Chain 1 or 3.
Resolution: 
1. Make sure the clock connected to the debug hub (dbg_hub) core is a free running clock and is active OR
2. Manually launch hw_server with -e "set xsdb-user-bscan <C_USER_SCAN_CHAIN scan_chain_number>" to detect the debug hub at User Scan Chain of 2 or 4. To determine the user scan chain setting, open the implemented design and use: get_property C_USER_SCAN_CHAIN [get_debug_cores dbg_hub].
reset_run synth_1
launch_runs impl_1 -to_step write_bitstream -jobs 8
[Thu Mar 16 13:02:48 2017] Launched synth_1...
Run output will be captured here: C:/Users/ulab/Desktop/craddockEE316/craddockEE316.runs/synth_1/runme.log
[Thu Mar 16 13:02:48 2017] Launched impl_1...
Run output will be captured here: C:/Users/ulab/Desktop/craddockEE316/craddockEE316.runs/impl_1/runme.log
set_property PROBES.FILE {} [lindex [get_hw_devices] 0]
set_property PROGRAM.FILE {C:/Users/ulab/Desktop/craddockEE316/craddockEE316.runs/impl_1/top_level.bit} [lindex [get_hw_devices] 0]
program_hw_devices [lindex [get_hw_devices] 0]
INFO: [Labtools 27-3164] End of startup status: HIGH
refresh_hw_device [lindex [get_hw_devices] 0]
INFO: [Labtools 27-1434] Device xc7a100t (JTAG device index = 0) is programmed with a design that has no supported debug core(s) in it.
WARNING: [Labtools 27-3123] The debug hub core was not detected at User Scan Chain 1 or 3.
Resolution: 
1. Make sure the clock connected to the debug hub (dbg_hub) core is a free running clock and is active OR
2. Manually launch hw_server with -e "set xsdb-user-bscan <C_USER_SCAN_CHAIN scan_chain_number>" to detect the debug hub at User Scan Chain of 2 or 4. To determine the user scan chain setting, open the implemented design and use: get_property C_USER_SCAN_CHAIN [get_debug_cores dbg_hub].
reset_run synth_1
launch_runs impl_1 -to_step write_bitstream -jobs 8
[Thu Mar 16 13:16:12 2017] Launched synth_1...
Run output will be captured here: C:/Users/ulab/Desktop/craddockEE316/craddockEE316.runs/synth_1/runme.log
[Thu Mar 16 13:16:12 2017] Launched impl_1...
Run output will be captured here: C:/Users/ulab/Desktop/craddockEE316/craddockEE316.runs/impl_1/runme.log
set_property PROBES.FILE {} [lindex [get_hw_devices] 0]
set_property PROGRAM.FILE {C:/Users/ulab/Desktop/craddockEE316/craddockEE316.runs/impl_1/top_level.bit} [lindex [get_hw_devices] 0]
program_hw_devices [lindex [get_hw_devices] 0]
INFO: [Labtools 27-3164] End of startup status: HIGH
refresh_hw_device [lindex [get_hw_devices] 0]
INFO: [Labtools 27-1434] Device xc7a100t (JTAG device index = 0) is programmed with a design that has no supported debug core(s) in it.
WARNING: [Labtools 27-3123] The debug hub core was not detected at User Scan Chain 1 or 3.
Resolution: 
1. Make sure the clock connected to the debug hub (dbg_hub) core is a free running clock and is active OR
2. Manually launch hw_server with -e "set xsdb-user-bscan <C_USER_SCAN_CHAIN scan_chain_number>" to detect the debug hub at User Scan Chain of 2 or 4. To determine the user scan chain setting, open the implemented design and use: get_property C_USER_SCAN_CHAIN [get_debug_cores dbg_hub].
reset_run synth_1
launch_runs impl_1 -to_step write_bitstream -jobs 8
[Thu Mar 16 13:20:22 2017] Launched synth_1...
Run output will be captured here: C:/Users/ulab/Desktop/craddockEE316/craddockEE316.runs/synth_1/runme.log
[Thu Mar 16 13:20:22 2017] Launched impl_1...
Run output will be captured here: C:/Users/ulab/Desktop/craddockEE316/craddockEE316.runs/impl_1/runme.log
set_property PROBES.FILE {} [lindex [get_hw_devices] 0]
set_property PROGRAM.FILE {C:/Users/ulab/Desktop/craddockEE316/craddockEE316.runs/impl_1/top_level.bit} [lindex [get_hw_devices] 0]
program_hw_devices [lindex [get_hw_devices] 0]
INFO: [Labtools 27-3164] End of startup status: HIGH
refresh_hw_device [lindex [get_hw_devices] 0]
INFO: [Labtools 27-1434] Device xc7a100t (JTAG device index = 0) is programmed with a design that has no supported debug core(s) in it.
WARNING: [Labtools 27-3123] The debug hub core was not detected at User Scan Chain 1 or 3.
Resolution: 
1. Make sure the clock connected to the debug hub (dbg_hub) core is a free running clock and is active OR
2. Manually launch hw_server with -e "set xsdb-user-bscan <C_USER_SCAN_CHAIN scan_chain_number>" to detect the debug hub at User Scan Chain of 2 or 4. To determine the user scan chain setting, open the implemented design and use: get_property C_USER_SCAN_CHAIN [get_debug_cores dbg_hub].
close [ open C:/Users/ulab/Desktop/craddockEE316/craddockEE316.srcs/sources_1/new/adc_parse.vhd w ]
add_files C:/Users/ulab/Desktop/craddockEE316/craddockEE316.srcs/sources_1/new/adc_parse.vhd
update_compile_order -fileset sources_1
update_compile_order -fileset sources_1
reset_run synth_1
launch_runs impl_1 -to_step write_bitstream -jobs 8
[Thu Mar 16 13:36:23 2017] Launched synth_1...
Run output will be captured here: C:/Users/ulab/Desktop/craddockEE316/craddockEE316.runs/synth_1/runme.log
[Thu Mar 16 13:36:23 2017] Launched impl_1...
Run output will be captured here: C:/Users/ulab/Desktop/craddockEE316/craddockEE316.runs/impl_1/runme.log
reset_run synth_1
launch_runs impl_1 -to_step write_bitstream -jobs 8
[Thu Mar 16 13:37:12 2017] Launched synth_1...
Run output will be captured here: C:/Users/ulab/Desktop/craddockEE316/craddockEE316.runs/synth_1/runme.log
[Thu Mar 16 13:37:12 2017] Launched impl_1...
Run output will be captured here: C:/Users/ulab/Desktop/craddockEE316/craddockEE316.runs/impl_1/runme.log
set_property PROBES.FILE {} [lindex [get_hw_devices] 0]
set_property PROGRAM.FILE {C:/Users/ulab/Desktop/craddockEE316/craddockEE316.runs/impl_1/top_level.bit} [lindex [get_hw_devices] 0]
program_hw_devices [lindex [get_hw_devices] 0]
INFO: [Labtools 27-3164] End of startup status: HIGH
refresh_hw_device [lindex [get_hw_devices] 0]
INFO: [Labtools 27-1434] Device xc7a100t (JTAG device index = 0) is programmed with a design that has no supported debug core(s) in it.
WARNING: [Labtools 27-3123] The debug hub core was not detected at User Scan Chain 1 or 3.
Resolution: 
1. Make sure the clock connected to the debug hub (dbg_hub) core is a free running clock and is active OR
2. Manually launch hw_server with -e "set xsdb-user-bscan <C_USER_SCAN_CHAIN scan_chain_number>" to detect the debug hub at User Scan Chain of 2 or 4. To determine the user scan chain setting, open the implemented design and use: get_property C_USER_SCAN_CHAIN [get_debug_cores dbg_hub].
update_compile_order -fileset sources_1
reset_run synth_1
launch_runs impl_1 -to_step write_bitstream -jobs 8
[Thu Mar 16 13:47:16 2017] Launched synth_1...
Run output will be captured here: C:/Users/ulab/Desktop/craddockEE316/craddockEE316.runs/synth_1/runme.log
[Thu Mar 16 13:47:16 2017] Launched impl_1...
Run output will be captured here: C:/Users/ulab/Desktop/craddockEE316/craddockEE316.runs/impl_1/runme.log
reset_run synth_1
launch_runs impl_1 -to_step write_bitstream -jobs 8
[Thu Mar 16 13:47:41 2017] Launched synth_1...
Run output will be captured here: C:/Users/ulab/Desktop/craddockEE316/craddockEE316.runs/synth_1/runme.log
[Thu Mar 16 13:47:41 2017] Launched impl_1...
Run output will be captured here: C:/Users/ulab/Desktop/craddockEE316/craddockEE316.runs/impl_1/runme.log
set_property PROBES.FILE {} [lindex [get_hw_devices] 0]
set_property PROGRAM.FILE {C:/Users/ulab/Desktop/craddockEE316/craddockEE316.runs/impl_1/top_level.bit} [lindex [get_hw_devices] 0]
program_hw_devices [lindex [get_hw_devices] 0]
INFO: [Labtools 27-3164] End of startup status: HIGH
refresh_hw_device [lindex [get_hw_devices] 0]
INFO: [Labtools 27-1434] Device xc7a100t (JTAG device index = 0) is programmed with a design that has no supported debug core(s) in it.
WARNING: [Labtools 27-3123] The debug hub core was not detected at User Scan Chain 1 or 3.
Resolution: 
1. Make sure the clock connected to the debug hub (dbg_hub) core is a free running clock and is active OR
2. Manually launch hw_server with -e "set xsdb-user-bscan <C_USER_SCAN_CHAIN scan_chain_number>" to detect the debug hub at User Scan Chain of 2 or 4. To determine the user scan chain setting, open the implemented design and use: get_property C_USER_SCAN_CHAIN [get_debug_cores dbg_hub].
update_compile_order -fileset sources_1
reset_run synth_1
launch_runs impl_1 -to_step write_bitstream -jobs 8
[Thu Mar 16 13:50:59 2017] Launched synth_1...
Run output will be captured here: C:/Users/ulab/Desktop/craddockEE316/craddockEE316.runs/synth_1/runme.log
[Thu Mar 16 13:50:59 2017] Launched impl_1...
Run output will be captured here: C:/Users/ulab/Desktop/craddockEE316/craddockEE316.runs/impl_1/runme.log
set_property PROBES.FILE {} [lindex [get_hw_devices] 0]
set_property PROGRAM.FILE {C:/Users/ulab/Desktop/craddockEE316/craddockEE316.runs/impl_1/top_level.bit} [lindex [get_hw_devices] 0]
program_hw_devices [lindex [get_hw_devices] 0]
INFO: [Labtools 27-3164] End of startup status: HIGH
refresh_hw_device [lindex [get_hw_devices] 0]
INFO: [Labtools 27-1434] Device xc7a100t (JTAG device index = 0) is programmed with a design that has no supported debug core(s) in it.
WARNING: [Labtools 27-3123] The debug hub core was not detected at User Scan Chain 1 or 3.
Resolution: 
1. Make sure the clock connected to the debug hub (dbg_hub) core is a free running clock and is active OR
2. Manually launch hw_server with -e "set xsdb-user-bscan <C_USER_SCAN_CHAIN scan_chain_number>" to detect the debug hub at User Scan Chain of 2 or 4. To determine the user scan chain setting, open the implemented design and use: get_property C_USER_SCAN_CHAIN [get_debug_cores dbg_hub].
exit
INFO: [Common 17-206] Exiting Vivado at Thu Mar 16 14:13:08 2017...
